<testsuites id="" name="" tests="1" failures="0" skipped="0" errors="0" time="16.705673">
<testsuite name="table-managment\generate-qr-code.spec.js" timestamp="2025-11-21T12:33:48.654Z" hostname="all-tests" tests="1" failures="0" skipped="0" time="15.132" errors="0">
<testcase name="Add first table: first time flow should redirect to generate QR code" classname="table-managment\generate-qr-code.spec.js" time="15.132">
<system-out>
<![CDATA[✅ Login completed successfully
🏢 Selecting created venue...
✅ Venue selected successfully
📋 Selecting created menu...
✅ Menu elements found
📊 Found 2 menu elements
✅ First menu clicked
🎯 Navigating to categories page...
✅ Categories page loaded successfully
✅ Clicked on created Venue and then menu
✅ Clicked on table management button
✅ Clicked on new table button
✅ Uploaded logo image
✅ Filled foreground color with light blue
✅ Filled background color

[[ATTACHMENT|..\..\test-results\table-managment-generate-q-150ee-edirect-to-generate-QR-code-all-tests\video.webm]]
]]>
</system-out>
</testcase>
</testsuite>
</testsuites>