<testsuites id="" name="" tests="1" failures="0" skipped="0" errors="0" time="20.433063999999998">
<testsuite name="Categories\duplicatecategoryvenue.spec.js" timestamp="2025-10-02T12:56:36.663Z" hostname="all-tests" tests="1" failures="0" skipped="0" time="18.985" errors="0">
<testcase name="Create Duplicate Category Venue - Same Name and Data" classname="Categories\duplicatecategoryvenue.spec.js" time="18.985">
<system-out>
<![CDATA[Logging in with email: hamna123@gmail.com
✅ Login form filled successfully
✅ Login completed successfully
Creating duplicate venue category...
⚠️ No duplicate error found
🔍 Verifying if duplicate venue category was created...
⚠️ Duplicate venue category WAS created - system allowed duplicate at venue level
⚠️ No duplicate protection detected at venue level
Test completed

[[ATTACHMENT|..\..\test-results\Categories-duplicatecatego-1dca8--Venue---Same-Name-and-Data-all-tests\video.webm]]
]]>
</system-out>
</testcase>
</testsuite>
</testsuites>