<testsuites id="" name="" tests="1" failures="1" skipped="0" errors="0" time="17.509815999999997">
<testsuite name="DealManagment\combo-deal.spec.js" timestamp="2025-12-04T08:06:27.874Z" hostname="all-tests" tests="1" failures="1" skipped="0" time="15.263" errors="0">
<testcase name="Combo Deal" classname="DealManagment\combo-deal.spec.js" time="15.263">
<failure message="combo-deal.spec.js:8:1 Combo Deal" type="FAILURE">
<![CDATA[  [all-tests] › DealManagment\combo-deal.spec.js:8:1 › Combo Deal ──────────────────────────────────

    Error: locator.click: Error: strict mode violation: getByText('Regular - €3.99') resolved to 2 elements:
        1) <div tabindex="0" role="combobox" aria-controls=":rl:" aria-expanded="false" aria-haspopup="listbox" id="mui-component-select-comboItems.0.variantId" aria-labelledby="mui-component-select-comboItems.0.variantId" class="MuiSelect-select MuiSelect-outlined MuiInputBase-input MuiOutlinedInput-input css-qiwgdb">Regular - €3.99</div> aka getByLabel('Regular - €')
        2) <li tabindex="0" role="option" aria-selected="false" data-value="68ee25b7c7e8c883ec47f155" class="MuiButtonBase-root MuiMenuItem-root MuiMenuItem-gutters MuiMenuItem-root MuiMenuItem-gutters css-1p4caug">…</li> aka getByRole('option', { name: 'Regular - €' })

    Call log:
      - waiting for getByText('Regular - €3.99')


      75 |     //select the price 20
      76 |     await page.locator(locators["select-price-2"]).click();
    > 77 |     await page.getByText("Regular - €3.99").click();  
         |                                             ^
      78 |     //asertion
      79 |     const firstprice2Combo = page.getByRole('combobox', { name: /Regular - €3.99/i }).first();
      80 |     await expect(firstprice2Combo).toContainText(/Regular - €3.99/i);  
        at C:\Users\HP\Desktop\Obi-Waiter-CMS-playwright-main\tests\DealManagment\combo-deal.spec.js:77:45

    attachment #1: screenshot (image/png) ──────────────────────────────────────────────────────────
    ..\test-results\DealManagment-combo-deal-Combo-Deal-all-tests\test-failed-1.png
    ────────────────────────────────────────────────────────────────────────────────────────────────

    attachment #2: video (video/webm) ──────────────────────────────────────────────────────────────
    ..\test-results\DealManagment-combo-deal-Combo-Deal-all-tests\video.webm
    ────────────────────────────────────────────────────────────────────────────────────────────────

    Error Context: ..\test-results\DealManagment-combo-deal-Combo-Deal-all-tests\error-context.md
]]>
</failure>
<system-out>
<![CDATA[✅ Login completed successfully
🏢 Selecting created venue...
✅ Venue selected successfully
📋 Selecting created menu...
✅ Menu elements found
📊 Found 2 menu elements
✅ First menu clicked
🎯 Navigating to categories page...
✅ Categories page loaded successfully
Land at the Deal MAnagment tab
clicked on the add button
Deal type selected
image uploaded
image upload successfully
Discount value entered
Item selected

[[ATTACHMENT|..\..\test-results\DealManagment-combo-deal-Combo-Deal-all-tests\test-failed-1.png]]

[[ATTACHMENT|..\..\test-results\DealManagment-combo-deal-Combo-Deal-all-tests\video.webm]]

[[ATTACHMENT|..\..\test-results\DealManagment-combo-deal-Combo-Deal-all-tests\error-context.md]]
]]>
</system-out>
</testcase>
</testsuite>
</testsuites>