<testsuites id="" name="" tests="1" failures="1" skipped="0" errors="0" time="8.795253">
<testsuite name="Venue\venue1.spec.js" timestamp="2025-11-07T14:09:29.886Z" hostname="all-tests" tests="1" failures="1" skipped="0" time="7.361" errors="0">
<testcase name="Venue Duplication Testing - Complete Flow" classname="Venue\venue1.spec.js" time="7.361">
<failure message="venue1.spec.js:192:1 Venue Duplication Testing - Complete Flow" type="FAILURE">
<![CDATA[  [all-tests] › Venue\venue1.spec.js:192:1 › Venue Duplication Testing - Complete Flow ─────────────

    Error: locator.fill: Unexpected token "(" while parsing css selector "instagram address (optional)". Did you mean to CSS.escape it?
    Call log:
      - waiting for instagram address (optional)


      65 |   
      66 |   await page.getByRole('textbox', { name: 'Venue description' }).fill(venueData['venue-description']);
    > 67 |   await page.locator("instagram address (optional)").fill(venueData['instagramurl']);
         |                                                      ^
      68 |   await page.locator("facebook (optional)").fill(venueData['facebookurl']);
      69 |   await page.locator("client app url").fill(venueData['Client app url']);
      70 |   
        at fillVenueDetails (C:\Users\HP\Desktop\Obi-Waiter-CMS-playwright-main\tests\Venue\venue1.spec.js:67:54)
        at C:\Users\HP\Desktop\Obi-Waiter-CMS-playwright-main\tests\Venue\venue1.spec.js:212:3

    attachment #1: screenshot (image/png) ──────────────────────────────────────────────────────────
    ..\test-results\Venue-venue1-Venue-Duplication-Testing---Complete-Flow-all-tests\test-failed-1.png
    ────────────────────────────────────────────────────────────────────────────────────────────────

    attachment #2: video (video/webm) ──────────────────────────────────────────────────────────────
    ..\test-results\Venue-venue1-Venue-Duplication-Testing---Complete-Flow-all-tests\video.webm
    ────────────────────────────────────────────────────────────────────────────────────────────────

    Error Context: ..\test-results\Venue-venue1-Venue-Duplication-Testing---Complete-Flow-all-tests\error-context.md
]]>
</failure>
<system-out>
<![CDATA[✅ Login completed successfully
🎯 Creating venue with standard data
📝 Filling venue basic information...
✅ Basic information filled
📝 Filling venue details and branding...

[[ATTACHMENT|..\..\test-results\Venue-venue1-Venue-Duplication-Testing---Complete-Flow-all-tests\test-failed-1.png]]

[[ATTACHMENT|..\..\test-results\Venue-venue1-Venue-Duplication-Testing---Complete-Flow-all-tests\video.webm]]

[[ATTACHMENT|..\..\test-results\Venue-venue1-Venue-Duplication-Testing---Complete-Flow-all-tests\error-context.md]]
]]>
</system-out>
</testcase>
</testsuite>
</testsuites>