<testsuites id="" name="" tests="1" failures="0" skipped="0" errors="0" time="63.910568">
<testsuite name="Venue\venue1.spec.js" timestamp="2025-10-08T13:23:06.178Z" hostname="all-tests" tests="1" failures="0" skipped="0" time="62.65" errors="0">
<testcase name="Venue Duplication Testing - Complete Flow" classname="Venue\venue1.spec.js" time="62.65">
<system-out>
<![CDATA[Logging in with email: hamna123@gmail.com
✅ Login form filled successfully
✅ Login completed successfully
🎯 Creating venue with standard data
📝 Filling venue basic information...
✅ Basic information filled
📝 Filling venue details and branding...
✅ Venue details filled
📸 Uploading Logo...
✅ Logo uploaded successfully
📸 Uploading Cover image...
✅ Cover image uploaded successfully
📝 Filling story and experience section...
📸 Uploading Story image...
✅ Story image uploaded successfully
✅ Story and experience filled
📝 Adding gallery items...
✅ Gallery item 1 added
✅ Gallery item 2 added
✅ Gallery item 3 added
✅ Save button clicked
⏳ Waiting for save operation to complete...
⏳ Waiting for popup to appear...

[[ATTACHMENT|..\..\test-results\Venue-venue1-Venue-Duplication-Testing---Complete-Flow-all-tests\video.webm]]
]]>
</system-out>
</testcase>
</testsuite>
</testsuites>