<testsuites id="" name="" tests="28" failures="0" skipped="0" errors="0" time="556.396025">
<testsuite name="Categories\createcategorycompany.spec.js" timestamp="2025-11-10T10:37:31.139Z" hostname="all-tests" tests="1" failures="0" skipped="0" time="14.03" errors="0">
<testcase name="Create Category Company - Complete Flow" classname="Categories\createcategorycompany.spec.js" time="14.03">
<system-out>
<![CDATA[✅ Login completed successfully
🎯 Navigating to category page...
🏢 Selecting created venue...
✅ Venue selected successfully
📋 Selecting created menu...
✅ Menu elements found
📊 Found 2 menu elements
✅ First menu clicked
🎯 Navigating to categories page...
✅ Categories page loaded successfully
🏗️ Creating category using POM methods...
📸 Using image: C:\Users\HP\Desktop\Obi-Waiter-CMS-playwright-main\Fixtures\pictures\category-comapany-image.png
➕ Clicking on New Category button...
✅ New Category button clicked successfully
🔨 Clicking Create button...
✅ Create button clicked successfully
🏢 Clicking Company button...
✅ Company button clicked successfully
📝 Filling category name...
✅ Category name filled: Appetizers
📋 Selecting menu for category...
✅ Menu selected for category
📸 Uploading category image...
✅ Image upload area clicked
✅ Image file selected: C:\Users\HP\Desktop\Obi-Waiter-CMS-playwright-main\Fixtures\pictures\category-comapany-image.png
✅ Upload button clicked to finalize image
✅ Category image uploaded successfully
💾 Saving category...
✅ Category saved successfully
✅ Category company test completed successfully

[[ATTACHMENT|..\..\test-results\Categories-createcategoryc-51abc-ory-Company---Complete-Flow-all-tests\video.webm]]
]]>
</system-out>
</testcase>
</testsuite>
<testsuite name="Categories\createcategoryvenue.spec.js" timestamp="2025-11-10T10:37:31.139Z" hostname="all-tests" tests="1" failures="0" skipped="0" time="14.838" errors="0">
<testcase name="Create Category Venue - Complete Flow" classname="Categories\createcategoryvenue.spec.js" time="14.838">
<system-out>
<![CDATA[✅ Login completed successfully
🎯 Navigating to category page...
🏢 Selecting created venue...
✅ Venue selected successfully
📋 Selecting created menu...
✅ Menu elements found
📊 Found 2 menu elements
✅ First menu clicked
🎯 Navigating to categories page...
✅ Categories page loaded successfully
🏗️ Creating category with venue selection...
📸 Using image: C:\Users\HP\Desktop\Obi-Waiter-CMS-playwright-main\Fixtures\pictures\categoryvenue.png
➕ Clicking on New Category button...
✅ New Category button clicked successfully
🔨 Clicking Create button...
✅ Create button clicked successfully
🏢 Clicking Venue button...
✅ Venue button clicked successfully
📝 Filling category name...
✅ Category name filled: Noodles
📋 Selecting menu for category...
✅ Menu selected for category
📸 Uploading category image...
✅ Image upload area clicked
✅ Image file selected: C:\Users\HP\Desktop\Obi-Waiter-CMS-playwright-main\Fixtures\pictures\categoryvenue.png
✅ Upload button clicked to finalize image
✅ Category image uploaded successfully
💾 Saving category...
✅ Category saved successfully
🔍 Verifying category creation...
✅ Category creation verified successfully
✅ Category venue test completed successfully

[[ATTACHMENT|..\..\test-results\Categories-createcategoryv-61951-egory-Venue---Complete-Flow-all-tests\video.webm]]
]]>
</system-out>
</testcase>
</testsuite>
<testsuite name="Categories\duplicatecategorycompany.spec.js" timestamp="2025-11-10T10:37:31.139Z" hostname="all-tests" tests="1" failures="0" skipped="0" time="17.573" errors="0">
<testcase name="Create Duplicate Category Company - Same Name and Data" classname="Categories\duplicatecategorycompany.spec.js" time="17.573">
<system-out>
<![CDATA[✅ Login completed successfully
🎯 Navigating to category page...
🏢 Selecting created venue...
✅ Venue selected successfully
📋 Selecting created menu...
✅ Menu elements found
📊 Found 2 menu elements
✅ First menu clicked
🎯 Navigating to categories page...
✅ Categories page loaded successfully
🏗️ Creating duplicate category with same data...
📸 Using same image: C:\Users\HP\Desktop\Obi-Waiter-CMS-playwright-main\Fixtures\pictures\category-comapany-image.png
➕ Clicking on New Category button...
✅ New Category button clicked successfully
🔨 Clicking Create button...
✅ Create button clicked successfully
🏢 Clicking Company button...
✅ Company button clicked successfully
📝 Filling category name...
✅ Category name filled: Appetizers
📋 Selecting menu for category...
✅ Menu selected for category
📸 Uploading category image...
✅ Image upload area clicked
✅ Image file selected: C:\Users\HP\Desktop\Obi-Waiter-CMS-playwright-main\Fixtures\pictures\category-comapany-image.png
✅ Upload button clicked to finalize image
✅ Category image uploaded successfully
💾 Saving category...
✅ Category saved successfully
🔍 Checking for duplicate category error...
⚠️ Category creation failed for unknown reason
🔍 Verifying if duplicate category was created...
⚠️ Duplicate category WAS created - system allowed duplicate
⚠️ No duplicate protection detected
✅ Duplicate category company test completed successfully

[[ATTACHMENT|..\..\test-results\Categories-duplicatecatego-f37cb-ompany---Same-Name-and-Data-all-tests\video.webm]]
]]>
</system-out>
</testcase>
</testsuite>
<testsuite name="Categories\duplicatecategoryvenue.spec.js" timestamp="2025-11-10T10:37:31.139Z" hostname="all-tests" tests="1" failures="0" skipped="0" time="17.911" errors="0">
<testcase name="Create Duplicate Category Venue - Same Name and Data" classname="Categories\duplicatecategoryvenue.spec.js" time="17.911">
<system-out>
<![CDATA[✅ Login completed successfully
Creating duplicate venue category...
⚠️ No duplicate error found
🔍 Verifying if duplicate venue category was created...
⚠️ Duplicate venue category WAS created - system allowed duplicate at venue level
⚠️ No duplicate protection detected at venue level
Test completed

[[ATTACHMENT|..\..\test-results\Categories-duplicatecatego-1dca8--Venue---Same-Name-and-Data-all-tests\video.webm]]
]]>
</system-out>
</testcase>
</testsuite>
<testsuite name="Customizations\createcustomizationcompany.spec.js" timestamp="2025-11-10T10:37:31.139Z" hostname="all-tests" tests="1" failures="0" skipped="0" time="42.999" errors="0">
<testcase name="Customization Management › Create Customization Company - Sauces" classname="Customizations\createcustomizationcompany.spec.js" time="42.999">
<system-out>
<![CDATA[✅ Login completed successfully
🏢 Step 1: Navigate to venue page
✅ Navigated to venue page
📋 Step 2: Navigate to menu page
✅ Navigated to menu page (clicked 3rd menu)
✅ Successfully navigated to menu page
📋 Step 3: Navigate to customizations tab
✅ Clicked on customization tab
➕ Step 4: Click Add Customization button
✅ Clicked on add customization button
🔨 Step 5: Click Create button
✅ Clicked on create button
🏢 Step 6: Click Company button
✅ Clicked on company button
📝 Step 7: Type customization name
✅ Customization name filled
☑️ Step 8: Check the required checkbox
✅ Required checkbox clicked
📝 Step 9: Add ketchup in option box
✅ Option box filled
💰 Step 10: Handle price dropdown
✅ Price dropdown clicked
✅ Custom price option selected
✅ Enter custom price button clicked
✅ Price added for ketchup: $0.00
🏷️ Step 11: Select tax type
✅ Tax dropdown clicked - dropdown appeared
✅ Standard tax selected
➕ Step 12: Click Add More for second option
✅ Add More button clicked
📝 Step 13: Add second option - chilli-sauce
✅ Chilli-sauce added to second option box
💰 Step 14: Handle price dropdown for second option
✅ Price field clicked - dropdown appeared
✅ Custom price option selected
✅ Custom price input field clicked
✅ Price added for Chilli-sauce: $0.24
🏷️ Step 11: Select tax type
✅ Tax dropdown clicked - dropdown appeared
✅ Standard tax selected
🏷️ Step 15: Select tax type for second option
✅ Second tax dropdown clicked - dropdown appeared
✅ Standard tax selected for second option
➕ Step 16: Click Add More for third option
✅ Add More button clicked for third option
📝 Step 17: Add third option - garlic-sauce
✅ Garlic-sauce added to third option box
💰 Step 18: Handle price dropdown for third option
✅ Price field clicked - dropdown appeared
✅ Custom price option selected
✅ Custom price input field clicked
✅ Price added for Garlic-sauce: $0.24
🏷️ Step 11: Select tax type
✅ Tax dropdown clicked - dropdown appeared
✅ Standard tax selected
🏷️ Step 15: Select tax type for second option
✅ Second tax dropdown clicked - dropdown appeared
✅ Standard tax selected for second option
➕ Step 20: Click Add More for fourth option
✅ Add More button clicked for fourth option
📝 Step 21: Add fourth option - mayonnaise
✅ Mayonnaise added to fourth option box
💰 Step 22: Handle price dropdown for fourth option
✅ Price field clicked - dropdown appeared
✅ Custom price option selected
✅ Custom price input field clicked
✅ Price added for mayonnaise: $0.24
🏷️ Step 23: Select tax type for fourth option
✅ Tax dropdown clicked - dropdown appeared
✅ Standard tax selected
🏷️ Step 24: Select tax type for fourth option
✅ Second tax dropdown clicked - dropdown appeared
✅ Standard tax selected for fourth option
💾 Step 24: Save the customization
✅ Customization saved successfully
✅ Form filled successfully with all four options and saved
📍 Final URL: https://develop.d20aue3nu6xt33.amplifyapp.com/customizations

[[ATTACHMENT|..\..\test-results\Customizations-createcusto-bacf9-tomization-Company---Sauces-all-tests\video.webm]]
]]>
</system-out>
</testcase>
</testsuite>
<testsuite name="Customizations\createcustomizationvenue.spec.js" timestamp="2025-11-10T10:37:31.139Z" hostname="all-tests" tests="1" failures="0" skipped="0" time="38.201" errors="0">
<testcase name="Customization Management - Venue Level › Create Customization Venue - Cheese" classname="Customizations\createcustomizationvenue.spec.js" time="38.201">
<system-out>
<![CDATA[✅ Login completed successfully
🏢 Step 1: Navigate to venue page
✅ Navigated to venue page
📋 Step 2: Navigate to menu page
✅ Navigated to menu page (clicked 3rd menu)
✅ Successfully navigated to menu page
📋 Step 3: Navigate to customizations tab
✅ Clicked on customizations tab
➕ Step 4: Click Add Customization button
✅ Clicked on add customization button
🔨 Step 5: Click Create button
✅ Clicked on create button
🏢 Step 6: Click Venue button
✅ Clicked on venue button
📝 Step 7: Type customization name
📝 Step 9: Add cheddar in option box
💰 Step 10: Handle price dropdown
✅ Custom price option selected
✅ Price added for cheddar: $2.00
🏷️ Step 11: Select tax type
✅ Tax dropdown clicked - dropdown appeared
✅ Standard tax selected
➕ Step 12: Click Add More for second option
✅ Add More button clicked
📝 Step 13: Add second option - mozzarella
✅ Mozzarella added to second option box
💰 Step 14: Handle price dropdown for second option
✅ Price field clicked - dropdown appeared
✅ Custom price option selected
✅ Custom price input field clicked
✅ Price added for Mozzarella: $2.24
🏷️ Step 15: Select tax type for second option
✅ Tax dropdown clicked - dropdown appeared
✅ Standard tax selected
🏷️ Step 15: Select tax type for second option
✅ Second tax dropdown clicked - dropdown appeared
✅ Standard tax selected for second option
➕ Step 16: Click Add More for third option
✅ Add More button clicked for third option
📝 Step 17: Add third option - parmesan
✅ Parmesan added to third option box
💰 Step 18: Handle price dropdown for third option
✅ Price field clicked - dropdown appeared
✅ Custom price option selected
✅ Custom price input field clicked
✅ Price added for Parmesan: $3.24
🏷️ Step 19: Select tax type for third option
✅ Tax dropdown clicked - dropdown appeared
✅ Standard tax selected
🏷️ Step 15: Select tax type for second option
✅ Second tax dropdown clicked - dropdown appeared
✅ Standard tax selected for second option
➕ Step 20: Click Add More for fourth option
✅ Add More button clicked for fourth option
📝 Step 21: Add fourth option - mayonnaise
✅ Mayonnaise added to fourth option box
💰 Step 22: Handle price dropdown for fourth option
✅ Price field clicked - dropdown appeared
✅ Custom price option selected
✅ Custom price input field clicked
✅ Price added for mayonnaise: $3.24
🏷️ Step 23: Select tax type for fourth option
✅ Tax dropdown clicked - dropdown appeared
✅ Standard tax selected
🏷️ Step 24: Select tax type for fourth option
✅ Second tax dropdown clicked - dropdown appeared
✅ Standard tax selected for fourth option
💾 Step 24: Save the customization
✅ Clicked on save button
✅ Customization saved successfully
✅ Form filled successfully with all four options and saved
📍 Final URL: https://develop.d20aue3nu6xt33.amplifyapp.com/customizations

[[ATTACHMENT|..\..\test-results\Customizations-createcusto-f77ed-ustomization-Venue---Cheese-all-tests\video.webm]]
]]>
</system-out>
</testcase>
</testsuite>
<testsuite name="Ingredients\createingredientscompany.spec.js" timestamp="2025-11-10T10:37:31.139Z" hostname="all-tests" tests="1" failures="0" skipped="0" time="25.754" errors="0">
<testcase name="Ingredient Management - Company Level - Create All Ingredients" classname="Ingredients\createingredientscompany.spec.js" time="25.754">
<system-out>
<![CDATA[🔐 Step 1: Performing login...
✅ Login completed successfully
✅ Login completed successfully
📋 Step 2: Navigating to ingredients page...
✅ Navigated to ingredients page
🏭 Step 3: Creating 9 ingredients...

🏷️ Creating ingredient 1/9: Lettuce
✅ Successfully navigated to ingredient creation form
✅ Ingredient "Lettuce" created successfully

🏷️ Creating ingredient 2/9: Cucumber
✅ Successfully navigated to ingredient creation form
✅ Ingredient "Cucumber" created successfully

🏷️ Creating ingredient 3/9: Bell peppers
✅ Successfully navigated to ingredient creation form
✅ Ingredient "Bell peppers" created successfully

🏷️ Creating ingredient 4/9: Mayonnaise
✅ Successfully navigated to ingredient creation form
✅ Ingredient "Mayonnaise" created successfully

🏷️ Creating ingredient 5/9: Mustard
✅ Successfully navigated to ingredient creation form
✅ Ingredient "Mustard" created successfully

🏷️ Creating ingredient 6/9: Olives
✅ Successfully navigated to ingredient creation form
✅ Ingredient "Olives" created successfully

🏷️ Creating ingredient 7/9: Herbs
✅ Successfully navigated to ingredient creation form
✅ Ingredient "Herbs" created successfully

🏷️ Creating ingredient 8/9: Fries
✅ Successfully navigated to ingredient creation form
✅ Ingredient "Fries" created successfully

🏷️ Creating ingredient 9/9: Bread
✅ Successfully navigated to ingredient creation form
✅ Ingredient "Bread" created successfully

🎉 All 9 ingredients created successfully!

[[ATTACHMENT|..\..\test-results\Ingredients-createingredie-3c936-el---Create-All-Ingredients-all-tests\video.webm]]
]]>
</system-out>
</testcase>
</testsuite>
<testsuite name="Ingredients\createingredientvenue.spec.js" timestamp="2025-11-10T10:37:31.139Z" hostname="all-tests" tests="1" failures="0" skipped="0" time="24.925" errors="0">
<testcase name="Ingredient Management - Venue Level - Create All Ingredients" classname="Ingredients\createingredientvenue.spec.js" time="24.925">
<system-out>
<![CDATA[🔐 Step 1: Performing login...
✅ Login completed successfully
✅ Login completed successfully
📋 Step 2: Navigating to ingredients page...
✅ Navigated to ingredients page
✅ Navigated to ingredients page
🏭 Step 3: Creating 9 ingredients...

🏷️ Creating ingredient 1/9: Grilled chicken
✅ Successfully navigated to ingredient creation form
✅ Ingredient saved successfully

🏷️ Creating ingredient 2/9: Tomato slices
✅ Successfully navigated to ingredient creation form
✅ Ingredient saved successfully

🏷️ Creating ingredient 3/9: Onion
✅ Successfully navigated to ingredient creation form
✅ Ingredient saved successfully

🏷️ Creating ingredient 4/9: Pickles
✅ Successfully navigated to ingredient creation form
✅ Ingredient saved successfully

🏷️ Creating ingredient 5/9: Butter
✅ Successfully navigated to ingredient creation form
✅ Ingredient saved successfully

🏷️ Creating ingredient 6/9: Ketchup
✅ Successfully navigated to ingredient creation form
✅ Ingredient saved successfully

🏷️ Creating ingredient 7/9: Jalapeños
✅ Successfully navigated to ingredient creation form
✅ Ingredient saved successfully

🏷️ Creating ingredient 8/9: Salt & pepper
✅ Successfully navigated to ingredient creation form
✅ Ingredient saved successfully

🏷️ Creating ingredient 9/9: Cheese
✅ Successfully navigated to ingredient creation form
✅ Ingredient saved successfully

🎉 All 9 ingredients created successfully!

[[ATTACHMENT|..\..\test-results\Ingredients-createingredie-3400a-el---Create-All-Ingredients-all-tests\video.webm]]
]]>
</system-out>
</testcase>
</testsuite>
<testsuite name="Items\createcomapanyitem.spec.js" timestamp="2025-11-10T10:37:31.139Z" hostname="all-tests" tests="1" failures="0" skipped="0" time="35.674" errors="0">
<testcase name="Item Management - Company Level › Create Company Item" classname="Items\createcomapanyitem.spec.js" time="35.674">
<system-out>
<![CDATA[✅ Login completed successfully
✅ Login completed successfully
✅ Verified: On venue page
🏢 Step 1: Click on created venue
✅ Landed on venue page and clicked on the created venue
📋 Step 2: Navigate to menu page
✅ Navigated to menu page (clicked 2nd menu)
✅ Navigated to menu page
📂 Step 3: Navigate to categories tab
✅ Verified: Successfully navigated to categories page
✅ Navigated to categories tab
✅ Verified: Successfully navigated to categories page
🍽️ Step 5: Navigate to items tab from header
✅ Navigated to items tab
✅ Verified: Successfully navigated to items page
➕ Step 6: Click on Add Item button
✅ Add Item button clicked
✅ Verified: Create button visible
🔨 Step 7: Click on the create button
✅ Create button clicked
✅ Verified: Company button visible
🏢 Step 8: Click on the company button
✅ Company button clicked
✅ Verified: Item creation form is ready
🍽️ Starting company item creation process...
✅ Item name filled: Chicken Sandwich
✅ Item status selected: In Stock
✅ Menu selected: Italian
✅ Verified: Menu selected successfully
✅ Category selected: Appetizers
✅ Verified: Category selected successfully
✅ Item description filled: A deliciously hearty chicken sandwich made with tender, juicy chicken breast seasoned to perfection and layered between fresh bread slices. Packed with crisp lettuce, ripe tomato, onions, and creamy mayonnaise, this sandwich balances savory flavors with a refreshing crunch. Ideal for a quick lunch, light dinner, or an on-the-go meal, it’s a wholesome and satisfying choice for chicken lovers.
✅ Verified: Description filled successfully
✅ Entered custom price successfully
✅ Item price description filled: Regular
✅ Verified: Price discription filled successfully
✅ Item tax selected: Standard: Taxes (9% Dine-In, 7% Take-Away)
✅ Default price selected: yes
✅ Add extra button clicked (locator: add-extra)
✅ Verified: Form is still active after Add Extra
✅ Entered custom price 2 successfully
✅ Price description 2 filled successfully
✅ Tax 2 selected successfully
✅ Cover image uploaded successfully
✅ Upload button clicked successfully
✅ Cuisine selected: Brunch
✅ Verified: Cuisine selected successfully
✅ Verified: Serve people selected successfully
✅ Verified: Customization 'Sauces' selected successfully
✅ Stock count filled successfully
✅ Stock count filled successfully
✅ Generate button clicked: Generate
✅ Generate button clicked successfully
✅ Verified: Generate button visible
✅ Item saved successfully
✅ Verified: Save button visible
✅ Company item created successfully

[[ATTACHMENT|..\..\test-results\Items-createcomapanyitem-I-ac7df-y-Level-Create-Company-Item-all-tests\video.webm]]
]]>
</system-out>
</testcase>
</testsuite>
<testsuite name="Items\venueitem.spec.js" timestamp="2025-11-10T10:37:31.139Z" hostname="all-tests" tests="1" failures="0" skipped="0" time="60.386" errors="0">
<testcase name="Item Venue - Venue Level › Create Venue Item" classname="Items\venueitem.spec.js" time="60.386">
<system-out>
<![CDATA[✅ Login completed successfully
✅ Landed on venue page and clicked on the created venue
✅ Navigated to menu page (clicked 2nd menu)
✅ Verified: Successfully navigated to categories page
✅ Navigated to items tab
✅ Add Item button clicked
✅ Venue button clicked
✅ Item name filled: Special Plater
✅ Item status selected: in stock
✅ Menu selected: undefined
✅ Category selected: Noodles
✅ Item description filled: Our Special Platter is the ultimate combination of flavors and textures a delicious mix of crispy golden fries, a freshly prepared sandwich, zesty sauces, and a refreshing vegetable salad. Perfectly balanced with crunch, flavor, and freshness, it’s a fulfilling meal that satisfies every craving in one plate
✅ Entered custom price successfully: 3.99
✅ Item price description filled: Regular
✅ Item tax selected: Standard: Taxes (9% Dine-In, 7% Take-Away)
Standard: Taxes (9% Dine-In, 7% Take-Away)
✅ Default price selected: yes
✅ Default price selected successfully
✅ Add extra button clicked (locator: add-extra)
✅ Add extra button clicked successfully
✅ Second price filled: 4.99
✅ Second price filled successfully
✅ Second price description filled: Family
✅ Second price description filled successfully
✅ Second price tax selected: Override: 9% on all order types
✅ Second price tax filled successfully
✅ undefined uploaded successfully
✅ Cover image uploaded successfully
✅ Cuisine selected: Brunch
✅ Serve people selected: 3
📋 Selecting 15 ingredient(s): Grilled chicken, Lettuce, Tomato slices, Cucumber, Onion, Bell peppers, Pickles, Mayonnaise, Butter, Mustard, Ketchup, Olives, Jalapeños, Herbs, Salt & pepper
  ✓ Selected: Grilled chicken
  ✓ Selected: Lettuce
  ✓ Selected: Tomato slices
  ✓ Selected: Cucumber
  ✓ Selected: Onion
  ✓ Selected: Bell peppers
  ✓ Selected: Pickles
  ✓ Selected: Mayonnaise
  ✓ Selected: Butter
  ✓ Selected: Mustard
  ✓ Selected: Ketchup
  ✓ Selected: Olives
  ✓ Selected: Jalapeños
  ✓ Selected: Herbs
  ✓ Selected: Salt & pepper
✅ All ingredients selected successfully
📋 Selecting 1 tag(s): Chef’s Special
  ✓ Selected: Chef’s Special
✅ All tags selected successfully
📋 Selecting 1 customization(s): Sauces
  ✓ Selected: Sauces
✅ All customizations selected successfully
✅ Stock count filled: 10
✅ Generate button clicked: Generate
✅ Item saved successfully

[[ATTACHMENT|..\..\test-results\Items-venueitem-Item-Venue---Venue-Level-Create-Venue-Item-all-tests\video.webm]]
]]>
</system-out>
</testcase>
</testsuite>
<testsuite name="login\login1.spec.js" timestamp="2025-11-10T10:37:31.139Z" hostname="all-tests" tests="1" failures="0" skipped="0" time="7.178" errors="0">
<testcase name="Login with valid credentials (TC1001)" classname="login\login1.spec.js" time="7.178">
<system-out>
<![CDATA[✅ Login test completed successfully - valid credentials

[[ATTACHMENT|..\..\test-results\login-login1-Login-with-valid-credentials-TC1001--all-tests\video.webm]]
]]>
</system-out>
</testcase>
</testsuite>
<testsuite name="login\login2.spec.js" timestamp="2025-11-10T10:37:31.139Z" hostname="all-tests" tests="1" failures="0" skipped="0" time="5.364" errors="0">
<testcase name="Login fails with wrong email but correct password (TC1002)" classname="login\login2.spec.js" time="5.364">
<system-out>
<![CDATA[✅ Login failure test completed - wrong email verified

[[ATTACHMENT|..\..\test-results\login-login2-Login-fails-w-9d92a-ut-correct-password-TC1002--all-tests\video.webm]]
]]>
</system-out>
</testcase>
</testsuite>
<testsuite name="login\login3.spec.js" timestamp="2025-11-10T10:37:31.139Z" hostname="all-tests" tests="1" failures="0" skipped="0" time="5.518" errors="0">
<testcase name="Login fails with correct email but wrong password (TC1003)" classname="login\login3.spec.js" time="5.518">
<system-out>
<![CDATA[✅ Login failure test completed - wrong password verified

[[ATTACHMENT|..\..\test-results\login-login3-Login-fails-w-e2b2e--but-wrong-password-TC1003--all-tests\video.webm]]
]]>
</system-out>
</testcase>
</testsuite>
<testsuite name="login\login4.spec.js" timestamp="2025-11-10T10:37:31.139Z" hostname="all-tests" tests="1" failures="0" skipped="0" time="4.091" errors="0">
<testcase name="Login fails with wrong email and wrong password (TC1004)" classname="login\login4.spec.js" time="4.091">
<system-out>
<![CDATA[✅ Login failure test completed - both credentials wrong verified

[[ATTACHMENT|..\..\test-results\login-login4-Login-fails-w-d8d39--and-wrong-password-TC1004--all-tests\video.webm]]
]]>
</system-out>
</testcase>
</testsuite>
<testsuite name="Menu\createmenu.spec.js" timestamp="2025-11-10T10:37:31.139Z" hostname="all-tests" tests="1" failures="0" skipped="0" time="19.207" errors="0">
<testcase name="Create Menu - Name and Image Upload" classname="Menu\createmenu.spec.js" time="19.207">
<system-out>
<![CDATA[✅ Login completed successfully
🎯 Creating menu with correct flow...
🏢 Selecting venue...
✅ Venue selected
✅ Clicked on Add Menu
✅ Clicked on Create
✅ Clicked on Company
✅ Navigated to Create Menu page with correct flow
📝 Filling menu name...
✅ Menu name filled
📸 Uploading Menu image...
✅ Image file selected
✅ Image visible
✂️ Moving crop selection upward...
🎯 Moving crop selection upward to capture top portion...
✅ Crop selection moved upward to capture top portion of image
✅ Menu image uploaded successfully
💾 Saving menu...
✅ Menu save button clicked
🔍 Verifying menu creation...
✅ Menu created successfully - navigated to menu page

[[ATTACHMENT|..\..\test-results\Menu-createmenu-Create-Menu---Name-and-Image-Upload-all-tests\video.webm]]
]]>
</system-out>
</testcase>
</testsuite>
<testsuite name="Menu\createmenuwithvenue.spec.js" timestamp="2025-11-10T10:37:31.139Z" hostname="all-tests" tests="1" failures="0" skipped="0" time="26.939" errors="0">
<testcase name="Create Menu with Venue - Name and Image Upload" classname="Menu\createmenuwithvenue.spec.js" time="26.939">
<system-out>
<![CDATA[✅ Login completed successfully
🎯 Creating menu with venue selection...
🏢 Selecting venue...
✅ Venue selected
✅ Clicked on Add Menu
✅ Clicked on Create
✅ Clicked on Venue
✅ Navigated to Create Menu page with venue flow
📝 Filling menu name...
✅ Menu name filled
📸 Uploading Menu with venue image...
✅ Image file selected
✅ Image visible
✂️ Moving crop selection upward...
🎯 Moving crop selection upward to capture top portion...
✅ Crop selection moved upward to capture top portion of image
✅ Menu with venue image uploaded successfully
💾 Saving menu...
✅ Menu save button clicked
🔍 Verifying menu creation...
✅ Menu created successfully - navigated to menu page

[[ATTACHMENT|..\..\test-results\Menu-createmenuwithvenue-C-30c43-nue---Name-and-Image-Upload-all-tests\video.webm]]
]]>
</system-out>
</testcase>
</testsuite>
<testsuite name="Menu\duplicatecompanymenu.spec.js" timestamp="2025-11-10T10:37:31.139Z" hostname="all-tests" tests="1" failures="0" skipped="0" time="15.925" errors="0">
<testcase name="Create Duplicate Company Menu - Same Name and Data" classname="Menu\duplicatecompanymenu.spec.js" time="15.925">
<system-out>
<![CDATA[✅ Login completed successfully
🎯 Creating duplicate menu with same data...
🏢 Selecting venue...
✅ Venue selected
✅ Clicked on Add Menu
✅ Clicked on Create
✅ Clicked on Company
✅ Navigated to Create Menu page with company flow
✅ Menu name generated successfully: Italian
📝 Filling menu name with duplicate data...
✅ Duplicate menu name filled
📸 Uploading Duplicate Menu image...
✅ Image file selected
✅ Image visible
✅ Duplicate Menu image uploaded successfully
💾 Attempting to save duplicate menu...
💾 Saving menu...
✅ Menu save button clicked
🔍 Checking for "Master menu already exist" popup...
✅ popup detected

[[ATTACHMENT|..\..\test-results\Menu-duplicatecompanymenu--97105-y-Menu---Same-Name-and-Data-all-tests\video.webm]]
]]>
</system-out>
</testcase>
</testsuite>
<testsuite name="Menu\duplicatemenuewithvenue.spec.js" timestamp="2025-11-10T10:37:31.139Z" hostname="all-tests" tests="1" failures="0" skipped="0" time="18.941" errors="0">
<testcase name="Create Duplicate Menu with Venue - Same Name and Data" classname="Menu\duplicatemenuewithvenue.spec.js" time="18.941">
<system-out>
<![CDATA[✅ Login completed successfully
🎯 Creating duplicate menu with venue selection...
✅ Venue selected
✅ Clicked on Add Menu
✅ Clicked on Create
✅ Clicked on Venue
✅ Navigated to Create Menu page with venue flow
📝 Filling menu name with duplicate venue data...
✅ Duplicate venue menu name filled
📸 Uploading Duplicate Venue Menu image...
✅ Image file selected
✅ Image visible
✅ Duplicate Venue Menu image uploaded successfully
💾 Attempting to save duplicate venue menu...
💾 Saving menu...
✅ Menu save button clicked
🔍 Checking for "Menu already exist in this venue" popup...
✅ popup detected

[[ATTACHMENT|..\..\test-results\Menu-duplicatemenuewithven-3b7af--Venue---Same-Name-and-Data-all-tests\video.webm]]
]]>
</system-out>
</testcase>
</testsuite>
<testsuite name="signup-form\sign1.spec.js" timestamp="2025-11-10T10:37:31.139Z" hostname="all-tests" tests="1" failures="0" skipped="0" time="6.836" errors="0">
<testcase name="Signup with existing company data - verify duplicate error" classname="signup-form\sign1.spec.js" time="6.836">
<system-out>
<![CDATA[ Filling signup form from fixture data...
 Signup form filled from fixture data
 Submitting signup form...
 Signup form submitted
 Signup test completed - duplicate company error verified

[[ATTACHMENT|..\..\test-results\signup-form-sign1-Signup-w-fa32d-ta---verify-duplicate-error-all-tests\video.webm]]
]]>
</system-out>
</testcase>
</testsuite>
<testsuite name="signup-form\signup-success.spec.js" timestamp="2025-11-10T10:37:31.139Z" hostname="all-tests" tests="2" failures="0" skipped="0" time="6.053" errors="0">
<testcase name="Signup Success Flow › Complete signup with valid data" classname="signup-form\signup-success.spec.js" time="3.247">
<system-out>
<![CDATA[✅ Signup completed - remained on signup page
✅ Signup success test completed

[[ATTACHMENT|..\..\test-results\signup-form-signup-success-51d6d-lete-signup-with-valid-data-all-tests\video.webm]]
]]>
</system-out>
</testcase>
<testcase name="Signup Success Flow › Signup with unique company name" classname="signup-form\signup-success.spec.js" time="2.806">
<system-out>
<![CDATA[Using unique company name: fan-1762771459793
✅ Signup with unique company name completed successfully

[[ATTACHMENT|..\..\test-results\signup-form-signup-success-35a19-up-with-unique-company-name-all-tests\video.webm]]
]]>
</system-out>
</testcase>
</testsuite>
<testsuite name="signup-form\signup.spec.js" timestamp="2025-11-10T10:37:31.139Z" hostname="all-tests" tests="1" failures="0" skipped="0" time="2.795" errors="0">
<testcase name="Complete signup with valid data" classname="signup-form\signup.spec.js" time="2.795">
<system-out>
<![CDATA[Signup completed - remained on signup page
 Signup test completed successfully

[[ATTACHMENT|..\..\test-results\signup-form-signup-Complete-signup-with-valid-data-all-tests\video.webm]]
]]>
</system-out>
</testcase>
</testsuite>
<testsuite name="signup-form\signup2.spec.js" timestamp="2025-11-10T10:37:31.139Z" hostname="all-tests" tests="1" failures="0" skipped="0" time="2.429" errors="0">
<testcase name="Signup with unique company name" classname="signup-form\signup2.spec.js" time="2.429">
<system-out>
<![CDATA[Using unique company name: fan-1762771465156
Signup completed - remained on signup page
 Signup test with unique company name completed successfully

[[ATTACHMENT|..\..\test-results\signup-form-signup2-Signup-with-unique-company-name-all-tests\video.webm]]
]]>
</system-out>
</testcase>
</testsuite>
<testsuite name="Tags\createtagcompanytag.spec.js" timestamp="2025-11-10T10:37:31.139Z" hostname="all-tests" tests="1" failures="0" skipped="0" time="14.374" errors="0">
<testcase name="Tag Management - Company Level › Create Multiple Tags Company " classname="Tags\createtagcompanytag.spec.js" time="14.374">
<system-out>
<![CDATA[✅ Login completed successfully
✅ Login completed successfully
🏢 Step 1: Navigate to venue page
✅ Navigated to venue page
✅ Navigated to venue page
📋 Step 2: Navigate to menu page (click nth 2 menu)
✅ Page loaded, looking for menu elements...
📊 Found 6 menu elements
✅ Navigated to menu page (clicked 2nd menu)
✅ Navigated to menu page (clicked 2nd menu)
✅ Page loaded after menu click
🏷️ Step 3: Click on tags tab from header
✅ Clicked on tags tab from header
➕ Step 4: Click on Add Tag button
✅ Clicked on Add Tag button
🔨 Step 5: Click on Create button
✅ Clicked on Create button
🏢 Step 6: Click on Company button
✅ Clicked on Company button

🏷️ Creating tag 1/5: Dairy
📝 Filling tag name
✅ Tag name filled: Dairy
🎨 Selecting tag icon
✅ Tag icon 1 selected
💾 Saving tag
✅ Tag "Dairy" saved successfully

🏷️ Creating tag 2/5: Egg
➕ Clicking Add Tag button
✅ Add Tag button clicked
🔨 Clicking Create button
✅ Create button clicked
🏢 Clicking Company button
✅ Company button clicked
📝 Filling tag name
✅ Tag name filled: Egg
🎨 Selecting tag icon
✅ Tag icon 2 selected
💾 Saving tag
✅ Tag "Egg" saved successfully

🏷️ Creating tag 3/5: Spicy
➕ Clicking Add Tag button
✅ Add Tag button clicked
🔨 Clicking Create button
✅ Create button clicked
🏢 Clicking Company button
✅ Company button clicked
📝 Filling tag name
✅ Tag name filled: Spicy
🎨 Selecting tag icon
✅ Tag icon 5 selected
💾 Saving tag
✅ Tag "Spicy" saved successfully

🏷️ Creating tag 4/5: Vegan
➕ Clicking Add Tag button
✅ Add Tag button clicked
🔨 Clicking Create button
✅ Create button clicked
🏢 Clicking Company button
✅ Company button clicked
📝 Filling tag name
✅ Tag name filled: Vegan
🎨 Selecting tag icon
✅ Tag icon 8 selected
💾 Saving tag
✅ Tag "Vegan" saved successfully

🏷️ Creating tag 5/5: Beverage
➕ Clicking Add Tag button
✅ Add Tag button clicked
🔨 Clicking Create button
✅ Create button clicked
🏢 Clicking Company button
✅ Company button clicked
📝 Filling tag name
✅ Tag name filled: Beverage
🎨 Selecting tag icon
✅ Tag icon 11 selected
💾 Saving tag
✅ Tag "Beverage" saved successfully

🎉 All tags created successfully!
✅ Test completed - all tags created
📍 Final URL: https://develop.d20aue3nu6xt33.amplifyapp.com/tags

[[ATTACHMENT|..\..\test-results\Tags-createtagcompanytag-T-9e557-eate-Multiple-Tags-Company--all-tests\video.webm]]
]]>
</system-out>
</testcase>
</testsuite>
<testsuite name="Tags\createvenuetag.spec.js" timestamp="2025-11-10T10:37:31.139Z" hostname="all-tests" tests="1" failures="0" skipped="0" time="13.094" errors="0">
<testcase name="Tag Management - Venue Level › Create Multiple Tags Venue" classname="Tags\createvenuetag.spec.js" time="13.094">
<system-out>
<![CDATA[✅ Login completed successfully
✅ Login completed successfully
🏢 Step 1: Navigate to venue page
✅ Navigated to venue page
✅ Verified: On venue page
📋 Step 2: Navigate to menu page (click nth 2 menu)
📊 Found 2 menu elements
✅ Verified: Sufficient menu elements available
✅ Navigated to menu page (clicked 2nd menu)
✅ Verified: Successfully navigated to menu page
🏷️ Step 3: Navigate to tags tab
✅ Navigated to tags tab
✅ Verified: Successfully navigated to tags page
➕ Step 4: Click on Add Tag button
✅ Add Tag button clicked
🔨 Step 5: Click on Create button
✅ Create button clicked
🏢 Step 6: Click on Venue button
✅ Venue button clicked
✅ Verified: Tag creation form is ready
🏷️ Starting venue tag creation process...

🏷️ Creating venue tag 1/6
🏷️ Creating venue tag: Lactose
✅ Tag name filled: Lactose
✅ Tag icon 3 selected
✅ Tag saved successfully
✅ Venue tag "Lactose" created successfully

🏷️ Creating venue tag 2/6
✅ Add Tag button clicked
✅ Create button clicked
✅ Venue button clicked
🏷️ Creating venue tag: Seafood
✅ Tag name filled: Seafood
✅ Tag icon 4 selected
✅ Tag saved successfully
✅ Venue tag "Seafood" created successfully

🏷️ Creating venue tag 3/6
✅ Add Tag button clicked
✅ Create button clicked
✅ Venue button clicked
🏷️ Creating venue tag: Vegetarian
✅ Tag name filled: Vegetarian
✅ Tag icon 6 selected
✅ Tag saved successfully
✅ Venue tag "Vegetarian" created successfully

🏷️ Creating venue tag 4/6
✅ Add Tag button clicked
✅ Create button clicked
✅ Venue button clicked
🏷️ Creating venue tag: Poultry
✅ Tag name filled: Poultry
✅ Tag icon 7 selected
✅ Tag saved successfully
✅ Venue tag "Poultry" created successfully

🏷️ Creating venue tag 5/6
✅ Add Tag button clicked
✅ Create button clicked
✅ Venue button clicked
🏷️ Creating venue tag: Chef’s Special
✅ Tag name filled: Chef’s Special
✅ Tag icon 9 selected
✅ Tag saved successfully
✅ Venue tag "Chef’s Special" created successfully

🏷️ Creating venue tag 6/6
✅ Add Tag button clicked
✅ Create button clicked
✅ Venue button clicked
🏷️ Creating venue tag: Gluten
✅ Tag name filled: Gluten
✅ Tag icon 10 selected
✅ Tag saved successfully
✅ Venue tag "Gluten" created successfully

🎉 All venue tags created successfully!
✅ Verified: 6 venue tags created successfully
✅ Test completed - all venue tags created
📍 Final URL: https://develop.d20aue3nu6xt33.amplifyapp.com/tags

[[ATTACHMENT|..\..\test-results\Tags-createvenuetag-Tag-Ma-9974b--Create-Multiple-Tags-Venue-all-tests\video.webm]]
]]>
</system-out>
</testcase>
</testsuite>
<testsuite name="Venue\createvenue.spec.js" timestamp="2025-11-10T10:37:31.139Z" hostname="all-tests" tests="1" failures="0" skipped="0" time="41.503" errors="0">
<testcase name="open Add Venue and wait @translationBugOnCreateVenue" classname="Venue\createvenue.spec.js" time="41.503">
<system-out>
<![CDATA[✅ Login completed successfully
Navigation to Step 2 completed
Confirmed: We are on Step 2 - Details & Branding
Starting logo upload...
 Clicked on Choose image button for logo
 File input is available for logo upload
 Logo image selected from pictures folder
 Logo image is visible after upload
 Upload Image modal is open
 Skipping image click due to cropping interface overlay
 Upload button is visible and enabled
 Upload modal closed after successful upload
 Logo is now displayed in the venue form
 Logo upload completed successfully
Starting cover image upload...
 Clicked on Choose image button for cover image
 File input is available for cover image upload
 Cover image selected from pictures folder
 Cover image is visible after upload
 Upload Image modal is open for cover image
 Skipping cover image click due to cropping interface overlay
 Upload button is visible and enabled for cover image
 Upload modal closed after successful cover image upload
 Cover image is now displayed in the venue form
 Cover image upload completed successfully
Clicking Next button to proceed to Step 3...
 Next button clicked successfully
Scrolling up to verify step indicator...
 Step indicator shows we are on Step 3 - Story & Experience
Starting Step 3 - Contact Number and Venue Timing...
 Contact number filled
 Contact number verified
Starting Venue Timing section...
Setting Monday timing from Venue.json...
 Monday timing set to 14:00-18:00
 Monday timing verified successfully
Setting Tuesday timing from Venue.json...
 Tuesday timing set to 14:00-18:00
 Tuesday timing verified successfully
Setting Wednesday timing from Venue.json...
 Wednesday timing set to 14:00-18:00
 Wednesday timing verified successfully
Setting Thursday timing from Venue.json...
 Thursday timing set to 14:00-18:00
 Thursday timing verified successfully
Setting Friday timing from Venue.json...
 Friday timing set to 14:00-18:00
 Friday timing verified successfully
Setting Saturday timing from Venue.json...
 Saturday timing set to 14:00-18:00
 Saturday timing verified successfully
Setting Sunday timing from Venue.json...
 Sunday timing set to 14:00-18:00
 Sunday timing verified successfully
 All venue timing completed successfully
Starting Story section...
 Story title filled
 Story title verified
 Story description filled
Starting story image upload...
 Clicked on Choose image button for story image
 Story image selected from pictures folder
 Story image is visible after upload
 Upload Image modal is open for story image
 Skipping story image click due to cropping interface overlay
 Upload button is visible and enabled for story image
 Upload modal closed after successful story image upload
 Story image is now displayed in the venue form
 Story section completed successfully
Starting Gallery section...
 Add Gallery Item button clicked - gallery form created
 Gallery form should now be visible
Adding Gallery Item 1...
 Gallery item 1 title filled
 Gallery item 1 title verified
 Gallery item 1 description filled
 Gallery item 1 description verified
Starting gallery item 1 image upload...
 Clicked on Choose image button for gallery item 1
 Gallery item 1 image selected from pictures folder
 Gallery item 1 image is visible after upload
 Upload Image modal is open for gallery item 1
 Skipping gallery item 1 image click due to cropping interface overlay
 Upload button is visible and enabled for gallery item 1
 Upload modal closed after successful gallery item 1 image upload
 Gallery item 1 image is now displayed in the venue form
 Gallery item 1 completed successfully
 Add Gallery Item button clicked - gallery item 2 form created
 Gallery item 2 form is now visible and ready
Adding Gallery Item 2...
 Gallery item 2 title filled
 Gallery item 2 title verified
 Gallery item 2 description filled
 Gallery item 2 description verified
Starting gallery item 2 image upload...
 Clicked on Choose image button for gallery item 2
 Gallery item 2 image selected from pictures folder
 Gallery item 2 image is visible after upload
 Upload Image modal is open for gallery item 2
 Skipping gallery item 2 image click due to cropping interface overlay
 Upload button is visible and enabled for gallery item 2
 Upload modal closed after successful gallery item 2 image upload
 Gallery item 2 image is now displayed in the venue form
 Gallery item 2 completed successfully
 Add Gallery Item button clicked - gallery item 3 form created
 Gallery item 3 form is now visible and ready
Adding Gallery Item 3...
 Gallery item 3 title filled
 Gallery item 3 title verified
 Gallery item 3 description filled
 Gallery item 3 description verified
Starting gallery item 3 image upload...
 Clicked on Choose image button for gallery item 3
 Gallery item 3 image selected from pictures folder
 Gallery item 3 image is visible after upload
 Upload Image modal is open for gallery item 3
 Skipping gallery item 3 image click due to cropping interface overlay
 Upload button is visible and enabled for gallery item 3
 Upload modal closed after successful gallery item 3 image upload
 Gallery item 3 image is now displayed in the venue form
 Gallery item 3 completed successfully
 All gallery items completed successfully
Clicking Save button...
Save button is visible
Save button clicked

[[ATTACHMENT|..\..\test-results\Venue-createvenue-open-Add-0e7d7-translationBugOnCreateVenue-all-tests\video.webm]]
]]>
</system-out>
</testcase>
</testsuite>
<testsuite name="Venue\mandatorydataentry.spec.js" timestamp="2025-11-10T10:37:31.139Z" hostname="all-tests" tests="1" failures="0" skipped="0" time="28.208" errors="0">
<testcase name="create venue with Mandatory data entry" classname="Venue\mandatorydataentry.spec.js" time="28.208">
<system-out>
<![CDATA[click on the venue name and add name
Venue type selected successfully
Email filled
Language selected successfully
Timezone selected successfully
currency selected successfully
Cuisine fill successfully
Address fill successfully
Next button clicked successfully
Venue description filled successfully
Client app url filled successfully
Dine-In Tax filled successfully
Take-Away Tax filled successfully
Starting logo upload...
Clicked on Choose image button for logo
Cover image selected from pictures folder
Cover image upload completed
Cover image is now displayed in the venue form
Cover image upload completed successfully
Next button clicked successfully
Contact number filled successfully
Story title filled successfully
Story description filled successfully
Story image upload completed successfully
Gallery item 1 completed successfully
Gallery item 2 completed successfully
Gallery item 3 completed successfully
Venue saved successfully

[[ATTACHMENT|..\..\test-results\Venue-mandatorydataentry-c-e64a3-e-with-Mandatory-data-entry-all-tests\video.webm]]
]]>
</system-out>
</testcase>
</testsuite>
<testsuite name="Venue\venue1.spec.js" timestamp="2025-11-10T10:37:31.139Z" hostname="all-tests" tests="1" failures="0" skipped="0" time="42.788" errors="0">
<testcase name="Venue Duplication Testing - Complete Flow" classname="Venue\venue1.spec.js" time="42.788">
<system-out>
<![CDATA[✅ Login completed successfully
🎯 Creating venue with standard data
📝 Filling venue basic information...
✅ Basic information filled
📝 Filling venue details and branding...
✅ Venue details filled
📸 Uploading Logo...
✅ Logo uploaded successfully
📸 Uploading Cover image...
✅ Cover image uploaded successfully
📝 Filling story and experience section...
📸 Uploading Story image...
✅ Story image uploaded successfully
✅ Story and experience filled
📝 Adding gallery items...
✅ Gallery item 1 added
✅ Gallery item 2 added
✅ Gallery item 3 added
✅ Save button clicked
⏳ Waiting for save operation to complete...
🔍 Checking for venue duplicate alert on the whole page...
isVisible [33mtrue[39m
✅pop up detected

[[ATTACHMENT|..\..\test-results\Venue-venue1-Venue-Duplication-Testing---Complete-Flow-all-tests\video.webm]]
]]>
</system-out>
</testcase>
</testsuite>
</testsuites>