<testsuites id="" name="" tests="1" failures="0" skipped="0" errors="0" time="18.521171">
<testsuite name="Deal Managment\flat-percentage-off.spec.js" timestamp="2025-12-03T10:12:56.638Z" hostname="all-tests" tests="1" failures="0" skipped="0" time="16.801" errors="0">
<testcase name="Flat Percentage Off Deal" classname="Deal Managment\flat-percentage-off.spec.js" time="16.801">
<system-out>
<![CDATA[✅ Login completed successfully
🏢 Selecting created venue...
✅ Venue selected successfully
📋 Selecting created menu...
✅ Menu elements found
📊 Found 2 menu elements
✅ First menu clicked
🎯 Navigating to categories page...
✅ Categories page loaded successfully
Land at the Deal MAnagment tab
image uploaded
image upload successfully
Discount value entered
Minimum Order price entered
Deal save successfully

[[ATTACHMENT|..\..\test-results\Deal Managment-flat-percentage-off-Flat-Percentage-Off-Deal-all-tests\video.webm]]
]]>
</system-out>
</testcase>
</testsuite>
</testsuites>