<testsuites id="" name="" tests="1" failures="1" skipped="0" errors="0" time="498.01023100000003">
<testsuite name="table-managment\generate-qr-code.spec.js" timestamp="2025-11-20T09:56:43.759Z" hostname="all-tests" tests="1" failures="1" skipped="0" time="496.75" errors="0">
<testcase name="Add first table: first time flow should redirect to generate QR code" classname="table-managment\generate-qr-code.spec.js" time="496.75">
<failure message="generate-qr-code.spec.js:10:1 Add first table: first time flow should redirect to generate QR code" type="FAILURE">
<![CDATA[  [all-tests] › table-managment\generate-qr-code.spec.js:10:1 › Add first table: first time flow should redirect to generate QR code 

    TimeoutError: page.fill: Timeout 10000ms exceeded.
    Call log:
      - waiting for locator('input[placeholder="R"]')


      42 |   await page.waitForTimeout(3000);
      43 |
    > 44 |   await page.fill('input[placeholder="R"]', '255');
         |              ^
      45 |   await page.fill('input[placeholder="G"]', '0');
      46 |   await page.fill('input[placeholder="B"]', '0');
      47 |   await page.waitForTimeout(3000);
        at C:\Users\HP\Desktop\Obi-Waiter-CMS-playwright-main\tests\table-managment\generate-qr-code.spec.js:44:14

    attachment #1: screenshot (image/png) ──────────────────────────────────────────────────────────
    ..\test-results\table-managment-generate-q-150ee-edirect-to-generate-QR-code-all-tests\test-failed-1.png
    ────────────────────────────────────────────────────────────────────────────────────────────────

    attachment #2: video (video/webm) ──────────────────────────────────────────────────────────────
    ..\test-results\table-managment-generate-q-150ee-edirect-to-generate-QR-code-all-tests\video.webm
    ────────────────────────────────────────────────────────────────────────────────────────────────

    Error Context: ..\test-results\table-managment-generate-q-150ee-edirect-to-generate-QR-code-all-tests\error-context.md
]]>
</failure>
<system-out>
<![CDATA[✅ Login completed successfully
🏢 Selecting created venue...
✅ Venue selected successfully
📋 Selecting created menu...
✅ Menu elements found
📊 Found 2 menu elements
✅ First menu clicked
🎯 Navigating to categories page...
✅ Categories page loaded successfully
✅ Clicked on created Venue and then menu
✅ Clicked on table management button
✅ Clicked on new table button
✅ Uploaded logo image

[[ATTACHMENT|..\..\test-results\table-managment-generate-q-150ee-edirect-to-generate-QR-code-all-tests\test-failed-1.png]]

[[ATTACHMENT|..\..\test-results\table-managment-generate-q-150ee-edirect-to-generate-QR-code-all-tests\video.webm]]

[[ATTACHMENT|..\..\test-results\table-managment-generate-q-150ee-edirect-to-generate-QR-code-all-tests\error-context.md]]
]]>
</system-out>
</testcase>
</testsuite>
</testsuites>