<testsuites id="" name="" tests="1" failures="0" skipped="0" errors="0" time="47.957164">
<testsuite name="schedule\add-schedule.spec.js" timestamp="2025-12-16T12:19:44.805Z" hostname="all-tests" tests="1" failures="0" skipped="0" time="46.798" errors="0">
<testcase name="Schedule" classname="schedule\add-schedule.spec.js" time="46.798">
<system-out>
<![CDATA[✅ Login completed successfully
🏢 Selecting created venue...
✅ Venue selected successfully
📋 Selecting created menu...
✅ Menu elements found
📊 Found 2 menu elements
✅ First menu clicked
🎯 Navigating to categories page...
✅ Categories page loaded successfully

[[ATTACHMENT|..\..\test-results\schedule-add-schedule-Schedule-all-tests\video.webm]]
]]>
</system-out>
</testcase>
</testsuite>
</testsuites>